<?xml version="1.0" encoding="UTF-8"?>
<testsuite xmlns:xsi="http://www.w3.org/2001/XMLSchema-instance" xsi:noNamespaceSchemaLocation="https://maven.apache.org/surefire/maven-surefire-plugin/xsd/surefire-test-report.xsd" name="Notes.AppTest" time="0.047" tests="1" errors="0" skipped="0" failures="0">
  <properties>
    <property name="sun.desktop" value="windows"/>
    <property name="awt.toolkit" value="sun.awt.windows.WToolkit"/>
    <property name="file.encoding.pkg" value="sun.io"/>
    <property name="java.specification.version" value="1.8"/>
    <property name="sun.cpu.isalist" value="amd64"/>
    <property name="sun.jnu.encoding" value="Cp1250"/>
    <property name="java.class.path" value="C:\Users\mrowi\IdeaProjects\Notes\target\test-classes;C:\Users\mrowi\IdeaProjects\Notes\target\classes;C:\Users\mrowi\.m2\repository\junit\junit\4.11\junit-4.11.jar;C:\Users\mrowi\.m2\repository\org\hamcrest\hamcrest-core\1.3\hamcrest-core-1.3.jar;C:\Users\mrowi\.m2\repository\javax\javaee-api\7.0\javaee-api-7.0.jar;C:\Users\mrowi\.m2\repository\com\sun\mail\javax.mail\1.5.0\javax.mail-1.5.0.jar;C:\Users\mrowi\.m2\repository\javax\activation\activation\1.1\activation-1.1.jar;C:\Users\mrowi\.m2\repository\javax\ws\rs\javax.ws.rs-api\2.1\javax.ws.rs-api-2.1.jar;C:\Users\mrowi\.m2\repository\org\hibernate\hibernate-java8\5.4.4.Final\hibernate-java8-5.4.4.Final.jar;C:\Users\mrowi\.m2\repository\org\jboss\logging\jboss-logging\3.3.2.Final\jboss-logging-3.3.2.Final.jar;C:\Users\mrowi\.m2\repository\org\hibernate\hibernate-core\5.4.4.Final\hibernate-core-5.4.4.Final.jar;C:\Users\mrowi\.m2\repository\org\javassist\javassist\3.24.0-GA\javassist-3.24.0-GA.jar;C:\Users\mrowi\.m2\repository\net\bytebuddy\byte-buddy\1.9.11\byte-buddy-1.9.11.jar;C:\Users\mrowi\.m2\repository\antlr\antlr\2.7.7\antlr-2.7.7.jar;C:\Users\mrowi\.m2\repository\org\jboss\jandex\2.0.5.Final\jandex-2.0.5.Final.jar;C:\Users\mrowi\.m2\repository\com\fasterxml\classmate\1.3.4\classmate-1.3.4.jar;C:\Users\mrowi\.m2\repository\javax\activation\javax.activation-api\1.2.0\javax.activation-api-1.2.0.jar;C:\Users\mrowi\.m2\repository\org\dom4j\dom4j\2.1.1\dom4j-2.1.1.jar;C:\Users\mrowi\.m2\repository\org\hibernate\common\hibernate-commons-annotations\5.1.0.Final\hibernate-commons-annotations-5.1.0.Final.jar;C:\Users\mrowi\.m2\repository\javax\xml\bind\jaxb-api\2.3.1\jaxb-api-2.3.1.jar;C:\Users\mrowi\.m2\repository\org\glassfish\jaxb\jaxb-runtime\2.3.1\jaxb-runtime-2.3.1.jar;C:\Users\mrowi\.m2\repository\org\glassfish\jaxb\txw2\2.3.1\txw2-2.3.1.jar;C:\Users\mrowi\.m2\repository\com\sun\istack\istack-commons-runtime\3.0.7\istack-commons-runtime-3.0.7.jar;C:\Users\mrowi\.m2\repository\org\jvnet\staxex\stax-ex\1.8\stax-ex-1.8.jar;C:\Users\mrowi\.m2\repository\com\sun\xml\fastinfoset\FastInfoset\1.2.15\FastInfoset-1.2.15.jar;C:\Users\mrowi\.m2\repository\com\github\gwenn\sqlite-dialect\0.1.0\sqlite-dialect-0.1.0.jar;C:\Users\mrowi\.m2\repository\javax\persistence\javax.persistence-api\2.2\javax.persistence-api-2.2.jar;C:\Users\mrowi\.m2\repository\org\wildfly\wildfly-ee\17.0.0.Final\wildfly-ee-17.0.0.Final.jar;C:\Users\mrowi\.m2\repository\org\glassfish\javax.enterprise.concurrent\1.0\javax.enterprise.concurrent-1.0.jar;C:\Users\mrowi\.m2\repository\org\jboss\metadata\jboss-metadata-common\13.0.0.Final\jboss-metadata-common-13.0.0.Final.jar;C:\Users\mrowi\.m2\repository\org\jboss\metadata\jboss-metadata-ear\13.0.0.Final\jboss-metadata-ear-13.0.0.Final.jar;C:\Users\mrowi\.m2\repository\org\jboss\msc\jboss-msc\1.4.7.Final\jboss-msc-1.4.7.Final.jar;C:\Users\mrowi\.m2\repository\org\jboss\threads\jboss-threads\2.3.2.Final\jboss-threads-2.3.2.Final.jar;C:\Users\mrowi\.m2\repository\org\jboss\spec\javax\enterprise\concurrent\jboss-concurrency-api_1.0_spec\1.0.2.Final\jboss-concurrency-api_1.0_spec-1.0.2.Final.jar;C:\Users\mrowi\.m2\repository\org\jboss\spec\javax\transaction\jboss-transaction-api_1.2_spec\1.1.1.Final\jboss-transaction-api_1.2_spec-1.1.1.Final.jar;C:\Users\mrowi\.m2\repository\org\jboss\spec\javax\annotation\jboss-annotations-api_1.3_spec\1.0.1.Final\jboss-annotations-api_1.3_spec-1.0.1.Final.jar;C:\Users\mrowi\.m2\repository\org\wildfly\common\wildfly-common\1.5.1.Final\wildfly-common-1.5.1.Final.jar;C:\Users\mrowi\.m2\repository\org\wildfly\core\wildfly-server\9.0.1.Final\wildfly-server-9.0.1.Final.jar;C:\Users\mrowi\.m2\repository\org\wildfly\core\wildfly-controller\9.0.1.Final\wildfly-controller-9.0.1.Final.jar;C:\Users\mrowi\.m2\repository\org\wildfly\core\wildfly-controller-client\9.0.1.Final\wildfly-controller-client-9.0.1.Final.jar;C:\Users\mrowi\.m2\repository\org\wildfly\core\wildfly-core-security\9.0.1.Final\wildfly-core-security-9.0.1.Final.jar;C:\Users\mrowi\.m2\repository\org\wildfly\core\wildfly-core-security-api\9.0.1.Final\wildfly-core-security-api-9.0.1.Final.jar;C:\Users\mrowi\.m2\repository\org\jboss\staxmapper\1.3.0.Final\staxmapper-1.3.0.Final.jar;C:\Users\mrowi\.m2\repository\org\projectodd\vdx\vdx-wildfly\1.1.6\vdx-wildfly-1.1.6.jar;C:\Users\mrowi\.m2\repository\org\projectodd\vdx\vdx-core\1.1.6\vdx-core-1.1.6.jar;C:\Users\mrowi\.m2\repository\org\eclipse\jgit\org.eclipse.jgit\5.0.2.201807311906-r\org.eclipse.jgit-5.0.2.201807311906-r.jar;C:\Users\mrowi\.m2\repository\com\jcraft\jzlib\1.1.1\jzlib-1.1.1.jar;C:\Users\mrowi\.m2\repository\com\googlecode\javaewah\JavaEWAH\1.1.6\JavaEWAH-1.1.6.jar;C:\Users\mrowi\.m2\repository\org\wildfly\core\wildfly-core-management-client\9.0.1.Final\wildfly-core-management-client-9.0.1.Final.jar;C:\Users\mrowi\.m2\repository\org\wildfly\core\wildfly-domain-http-interface\9.0.1.Final\wildfly-domain-http-interface-9.0.1.Final.jar;C:\Users\mrowi\.m2\repository\org\wildfly\core\wildfly-domain-management\9.0.1.Final\wildfly-domain-management-9.0.1.Final.jar;C:\Users\mrowi\.m2\repository\org\picketbox\picketbox\5.0.3.Final\picketbox-5.0.3.Final.jar;C:\Users\mrowi\.m2\repository\org\wildfly\security\elytron-web\undertow-server\1.5.0.Final\undertow-server-1.5.0.Final.jar;C:\Users\mrowi\.m2\repository\org\wildfly\core\wildfly-deployment-repository\9.0.1.Final\wildfly-deployment-repository-9.0.1.Final.jar;C:\Users\mrowi\.m2\repository\org\wildfly\core\wildfly-protocol\9.0.1.Final\wildfly-protocol-9.0.1.Final.jar;C:\Users\mrowi\.m2\repository\org\wildfly\core\wildfly-platform-mbean\9.0.1.Final\wildfly-platform-mbean-9.0.1.Final.jar;C:\Users\mrowi\.m2\repository\org\wildfly\core\wildfly-process-controller\9.0.1.Final\wildfly-process-controller-9.0.1.Final.jar;C:\Users\mrowi\.m2\repository\org\wildfly\core\wildfly-remoting\9.0.1.Final\wildfly-remoting-9.0.1.Final.jar;C:\Users\mrowi\.m2\repository\org\wildfly\core\wildfly-io\9.0.1.Final\wildfly-io-9.0.1.Final.jar;C:\Users\mrowi\.m2\repository\org\jboss\xnio\xnio-api\3.7.2.Final\xnio-api-3.7.2.Final.jar;C:\Users\mrowi\.m2\repository\org\wildfly\core\wildfly-network\9.0.1.Final\wildfly-network-9.0.1.Final.jar;C:\Users\mrowi\.m2\repository\org\wildfly\core\wildfly-version\9.0.1.Final\wildfly-version-9.0.1.Final.jar;C:\Users\mrowi\.m2\repository\org\jboss\jboss-dmr\1.5.0.Final\jboss-dmr-1.5.0.Final.jar;C:\Users\mrowi\.m2\repository\org\jboss\classfilewriter\jboss-classfilewriter\1.2.4.Final\jboss-classfilewriter-1.2.4.Final.jar;C:\Users\mrowi\.m2\repository\org\jboss\marshalling\jboss-marshalling\2.0.7.Final\jboss-marshalling-2.0.7.Final.jar;C:\Users\mrowi\.m2\repository\org\jboss\modules\jboss-modules\1.9.1.Final\jboss-modules-1.9.1.Final.jar;C:\Users\mrowi\.m2\repository\org\jboss\remoting\jboss-remoting\5.0.12.Final\jboss-remoting-5.0.12.Final.jar;C:\Users\mrowi\.m2\repository\org\wildfly\client\wildfly-client-config\1.0.0.CR2\wildfly-client-config-1.0.0.CR2.jar;C:\Users\mrowi\.m2\repository\org\jboss\stdio\jboss-stdio\1.1.0.Final\jboss-stdio-1.1.0.Final.jar;C:\Users\mrowi\.m2\repository\org\jboss\jboss-vfs\3.2.14.Final\jboss-vfs-3.2.14.Final.jar;C:\Users\mrowi\.m2\repository\io\undertow\undertow-core\2.0.21.Final\undertow-core-2.0.21.Final.jar;C:\Users\mrowi\.m2\repository\org\jboss\xnio\xnio-nio\3.3.8.Final\xnio-nio-3.3.8.Final.jar;C:\Users\mrowi\.m2\repository\com\jcraft\jsch\0.1.54\jsch-0.1.54.jar;C:\Users\mrowi\.m2\repository\org\wildfly\core\wildfly-request-controller\9.0.1.Final\wildfly-request-controller-9.0.1.Final.jar;C:\Users\mrowi\.m2\repository\org\jboss\logmanager\jboss-logmanager\2.1.11.Final\jboss-logmanager-2.1.11.Final.jar;C:\Users\mrowi\.m2\repository\org\jboss\invocation\jboss-invocation\1.5.2.Final\jboss-invocation-1.5.2.Final.jar;C:\Users\mrowi\.m2\repository\org\wildfly\wildfly-naming\17.0.0.Final\wildfly-naming-17.0.0.Final.jar;C:\Users\mrowi\.m2\repository\org\wildfly\wildfly-naming-client\1.0.10.Final\wildfly-naming-client-1.0.10.Final.jar;C:\Users\mrowi\.m2\repository\org\jboss\marshalling\jboss-marshalling-river\2.0.0.Final\jboss-marshalling-river-2.0.0.Final.jar;C:\Users\mrowi\.m2\repository\org\wildfly\wildfly-http-client\wildfly-http-naming-client\1.0.15.Final\wildfly-http-naming-client-1.0.15.Final.jar;C:\Users\mrowi\.m2\repository\org\wildfly\wildfly-http-client\wildfly-http-client-common\1.0.15.Final\wildfly-http-client-common-1.0.15.Final.jar;C:\Users\mrowi\.m2\repository\org\jboss\spec\javax\ejb\jboss-ejb-api_3.2_spec\1.0.0.Final\jboss-ejb-api_3.2_spec-1.0.0.Final.jar;C:\Users\mrowi\.m2\repository\org\wildfly\security\wildfly-elytron\1.9.1.Final\wildfly-elytron-1.9.1.Final.jar;C:\Users\mrowi\.m2\repository\org\jboss\spec\javax\interceptor\jboss-interceptors-api_1.2_spec\1.0.1.Final\jboss-interceptors-api_1.2_spec-1.0.1.Final.jar;C:\Users\mrowi\.m2\repository\org\jboss\spec\javax\el\jboss-el-api_3.0_spec\1.0.13.Final\jboss-el-api_3.0_spec-1.0.13.Final.jar;C:\Users\mrowi\.m2\repository\org\mockito\mockito-all\1.10.19\mockito-all-1.10.19.jar;"/>
    <property name="java.vm.vendor" value="Oracle Corporation"/>
    <property name="sun.arch.data.model" value="64"/>
    <property name="user.variant" value=""/>
    <property name="java.vendor.url" value="http://java.oracle.com/"/>
    <property name="user.timezone" value="Europe/Belgrade"/>
    <property name="java.vm.specification.version" value="1.8"/>
    <property name="os.name" value="Windows 10"/>
    <property name="user.country" value="PL"/>
    <property name="sun.java.launcher" value="SUN_STANDARD"/>
    <property name="sun.boot.library.path" value="C:\Program Files\Java\jdk1.8.0_161\jre\bin"/>
    <property name="sun.java.command" value="C:\Users\mrowi\AppData\Local\Temp\surefire3782073903446986951\surefirebooter3637958571698963041.jar C:\Users\mrowi\AppData\Local\Temp\surefire3782073903446986951 2019-08-10T08-32-55_843-jvmRun1 surefire1319895454392147632tmp surefire_03370207783774957196tmp"/>
    <property name="surefire.test.class.path" value="C:\Users\mrowi\IdeaProjects\Notes\target\test-classes;C:\Users\mrowi\IdeaProjects\Notes\target\classes;C:\Users\mrowi\.m2\repository\junit\junit\4.11\junit-4.11.jar;C:\Users\mrowi\.m2\repository\org\hamcrest\hamcrest-core\1.3\hamcrest-core-1.3.jar;C:\Users\mrowi\.m2\repository\javax\javaee-api\7.0\javaee-api-7.0.jar;C:\Users\mrowi\.m2\repository\com\sun\mail\javax.mail\1.5.0\javax.mail-1.5.0.jar;C:\Users\mrowi\.m2\repository\javax\activation\activation\1.1\activation-1.1.jar;C:\Users\mrowi\.m2\repository\javax\ws\rs\javax.ws.rs-api\2.1\javax.ws.rs-api-2.1.jar;C:\Users\mrowi\.m2\repository\org\hibernate\hibernate-java8\5.4.4.Final\hibernate-java8-5.4.4.Final.jar;C:\Users\mrowi\.m2\repository\org\jboss\logging\jboss-logging\3.3.2.Final\jboss-logging-3.3.2.Final.jar;C:\Users\mrowi\.m2\repository\org\hibernate\hibernate-core\5.4.4.Final\hibernate-core-5.4.4.Final.jar;C:\Users\mrowi\.m2\repository\org\javassist\javassist\3.24.0-GA\javassist-3.24.0-GA.jar;C:\Users\mrowi\.m2\repository\net\bytebuddy\byte-buddy\1.9.11\byte-buddy-1.9.11.jar;C:\Users\mrowi\.m2\repository\antlr\antlr\2.7.7\antlr-2.7.7.jar;C:\Users\mrowi\.m2\repository\org\jboss\jandex\2.0.5.Final\jandex-2.0.5.Final.jar;C:\Users\mrowi\.m2\repository\com\fasterxml\classmate\1.3.4\classmate-1.3.4.jar;C:\Users\mrowi\.m2\repository\javax\activation\javax.activation-api\1.2.0\javax.activation-api-1.2.0.jar;C:\Users\mrowi\.m2\repository\org\dom4j\dom4j\2.1.1\dom4j-2.1.1.jar;C:\Users\mrowi\.m2\repository\org\hibernate\common\hibernate-commons-annotations\5.1.0.Final\hibernate-commons-annotations-5.1.0.Final.jar;C:\Users\mrowi\.m2\repository\javax\xml\bind\jaxb-api\2.3.1\jaxb-api-2.3.1.jar;C:\Users\mrowi\.m2\repository\org\glassfish\jaxb\jaxb-runtime\2.3.1\jaxb-runtime-2.3.1.jar;C:\Users\mrowi\.m2\repository\org\glassfish\jaxb\txw2\2.3.1\txw2-2.3.1.jar;C:\Users\mrowi\.m2\repository\com\sun\istack\istack-commons-runtime\3.0.7\istack-commons-runtime-3.0.7.jar;C:\Users\mrowi\.m2\repository\org\jvnet\staxex\stax-ex\1.8\stax-ex-1.8.jar;C:\Users\mrowi\.m2\repository\com\sun\xml\fastinfoset\FastInfoset\1.2.15\FastInfoset-1.2.15.jar;C:\Users\mrowi\.m2\repository\com\github\gwenn\sqlite-dialect\0.1.0\sqlite-dialect-0.1.0.jar;C:\Users\mrowi\.m2\repository\javax\persistence\javax.persistence-api\2.2\javax.persistence-api-2.2.jar;C:\Users\mrowi\.m2\repository\org\wildfly\wildfly-ee\17.0.0.Final\wildfly-ee-17.0.0.Final.jar;C:\Users\mrowi\.m2\repository\org\glassfish\javax.enterprise.concurrent\1.0\javax.enterprise.concurrent-1.0.jar;C:\Users\mrowi\.m2\repository\org\jboss\metadata\jboss-metadata-common\13.0.0.Final\jboss-metadata-common-13.0.0.Final.jar;C:\Users\mrowi\.m2\repository\org\jboss\metadata\jboss-metadata-ear\13.0.0.Final\jboss-metadata-ear-13.0.0.Final.jar;C:\Users\mrowi\.m2\repository\org\jboss\msc\jboss-msc\1.4.7.Final\jboss-msc-1.4.7.Final.jar;C:\Users\mrowi\.m2\repository\org\jboss\threads\jboss-threads\2.3.2.Final\jboss-threads-2.3.2.Final.jar;C:\Users\mrowi\.m2\repository\org\jboss\spec\javax\enterprise\concurrent\jboss-concurrency-api_1.0_spec\1.0.2.Final\jboss-concurrency-api_1.0_spec-1.0.2.Final.jar;C:\Users\mrowi\.m2\repository\org\jboss\spec\javax\transaction\jboss-transaction-api_1.2_spec\1.1.1.Final\jboss-transaction-api_1.2_spec-1.1.1.Final.jar;C:\Users\mrowi\.m2\repository\org\jboss\spec\javax\annotation\jboss-annotations-api_1.3_spec\1.0.1.Final\jboss-annotations-api_1.3_spec-1.0.1.Final.jar;C:\Users\mrowi\.m2\repository\org\wildfly\common\wildfly-common\1.5.1.Final\wildfly-common-1.5.1.Final.jar;C:\Users\mrowi\.m2\repository\org\wildfly\core\wildfly-server\9.0.1.Final\wildfly-server-9.0.1.Final.jar;C:\Users\mrowi\.m2\repository\org\wildfly\core\wildfly-controller\9.0.1.Final\wildfly-controller-9.0.1.Final.jar;C:\Users\mrowi\.m2\repository\org\wildfly\core\wildfly-controller-client\9.0.1.Final\wildfly-controller-client-9.0.1.Final.jar;C:\Users\mrowi\.m2\repository\org\wildfly\core\wildfly-core-security\9.0.1.Final\wildfly-core-security-9.0.1.Final.jar;C:\Users\mrowi\.m2\repository\org\wildfly\core\wildfly-core-security-api\9.0.1.Final\wildfly-core-security-api-9.0.1.Final.jar;C:\Users\mrowi\.m2\repository\org\jboss\staxmapper\1.3.0.Final\staxmapper-1.3.0.Final.jar;C:\Users\mrowi\.m2\repository\org\projectodd\vdx\vdx-wildfly\1.1.6\vdx-wildfly-1.1.6.jar;C:\Users\mrowi\.m2\repository\org\projectodd\vdx\vdx-core\1.1.6\vdx-core-1.1.6.jar;C:\Users\mrowi\.m2\repository\org\eclipse\jgit\org.eclipse.jgit\5.0.2.201807311906-r\org.eclipse.jgit-5.0.2.201807311906-r.jar;C:\Users\mrowi\.m2\repository\com\jcraft\jzlib\1.1.1\jzlib-1.1.1.jar;C:\Users\mrowi\.m2\repository\com\googlecode\javaewah\JavaEWAH\1.1.6\JavaEWAH-1.1.6.jar;C:\Users\mrowi\.m2\repository\org\wildfly\core\wildfly-core-management-client\9.0.1.Final\wildfly-core-management-client-9.0.1.Final.jar;C:\Users\mrowi\.m2\repository\org\wildfly\core\wildfly-domain-http-interface\9.0.1.Final\wildfly-domain-http-interface-9.0.1.Final.jar;C:\Users\mrowi\.m2\repository\org\wildfly\core\wildfly-domain-management\9.0.1.Final\wildfly-domain-management-9.0.1.Final.jar;C:\Users\mrowi\.m2\repository\org\picketbox\picketbox\5.0.3.Final\picketbox-5.0.3.Final.jar;C:\Users\mrowi\.m2\repository\org\wildfly\security\elytron-web\undertow-server\1.5.0.Final\undertow-server-1.5.0.Final.jar;C:\Users\mrowi\.m2\repository\org\wildfly\core\wildfly-deployment-repository\9.0.1.Final\wildfly-deployment-repository-9.0.1.Final.jar;C:\Users\mrowi\.m2\repository\org\wildfly\core\wildfly-protocol\9.0.1.Final\wildfly-protocol-9.0.1.Final.jar;C:\Users\mrowi\.m2\repository\org\wildfly\core\wildfly-platform-mbean\9.0.1.Final\wildfly-platform-mbean-9.0.1.Final.jar;C:\Users\mrowi\.m2\repository\org\wildfly\core\wildfly-process-controller\9.0.1.Final\wildfly-process-controller-9.0.1.Final.jar;C:\Users\mrowi\.m2\repository\org\wildfly\core\wildfly-remoting\9.0.1.Final\wildfly-remoting-9.0.1.Final.jar;C:\Users\mrowi\.m2\repository\org\wildfly\core\wildfly-io\9.0.1.Final\wildfly-io-9.0.1.Final.jar;C:\Users\mrowi\.m2\repository\org\jboss\xnio\xnio-api\3.7.2.Final\xnio-api-3.7.2.Final.jar;C:\Users\mrowi\.m2\repository\org\wildfly\core\wildfly-network\9.0.1.Final\wildfly-network-9.0.1.Final.jar;C:\Users\mrowi\.m2\repository\org\wildfly\core\wildfly-version\9.0.1.Final\wildfly-version-9.0.1.Final.jar;C:\Users\mrowi\.m2\repository\org\jboss\jboss-dmr\1.5.0.Final\jboss-dmr-1.5.0.Final.jar;C:\Users\mrowi\.m2\repository\org\jboss\classfilewriter\jboss-classfilewriter\1.2.4.Final\jboss-classfilewriter-1.2.4.Final.jar;C:\Users\mrowi\.m2\repository\org\jboss\marshalling\jboss-marshalling\2.0.7.Final\jboss-marshalling-2.0.7.Final.jar;C:\Users\mrowi\.m2\repository\org\jboss\modules\jboss-modules\1.9.1.Final\jboss-modules-1.9.1.Final.jar;C:\Users\mrowi\.m2\repository\org\jboss\remoting\jboss-remoting\5.0.12.Final\jboss-remoting-5.0.12.Final.jar;C:\Users\mrowi\.m2\repository\org\wildfly\client\wildfly-client-config\1.0.0.CR2\wildfly-client-config-1.0.0.CR2.jar;C:\Users\mrowi\.m2\repository\org\jboss\stdio\jboss-stdio\1.1.0.Final\jboss-stdio-1.1.0.Final.jar;C:\Users\mrowi\.m2\repository\org\jboss\jboss-vfs\3.2.14.Final\jboss-vfs-3.2.14.Final.jar;C:\Users\mrowi\.m2\repository\io\undertow\undertow-core\2.0.21.Final\undertow-core-2.0.21.Final.jar;C:\Users\mrowi\.m2\repository\org\jboss\xnio\xnio-nio\3.3.8.Final\xnio-nio-3.3.8.Final.jar;C:\Users\mrowi\.m2\repository\com\jcraft\jsch\0.1.54\jsch-0.1.54.jar;C:\Users\mrowi\.m2\repository\org\wildfly\core\wildfly-request-controller\9.0.1.Final\wildfly-request-controller-9.0.1.Final.jar;C:\Users\mrowi\.m2\repository\org\jboss\logmanager\jboss-logmanager\2.1.11.Final\jboss-logmanager-2.1.11.Final.jar;C:\Users\mrowi\.m2\repository\org\jboss\invocation\jboss-invocation\1.5.2.Final\jboss-invocation-1.5.2.Final.jar;C:\Users\mrowi\.m2\repository\org\wildfly\wildfly-naming\17.0.0.Final\wildfly-naming-17.0.0.Final.jar;C:\Users\mrowi\.m2\repository\org\wildfly\wildfly-naming-client\1.0.10.Final\wildfly-naming-client-1.0.10.Final.jar;C:\Users\mrowi\.m2\repository\org\jboss\marshalling\jboss-marshalling-river\2.0.0.Final\jboss-marshalling-river-2.0.0.Final.jar;C:\Users\mrowi\.m2\repository\org\wildfly\wildfly-http-client\wildfly-http-naming-client\1.0.15.Final\wildfly-http-naming-client-1.0.15.Final.jar;C:\Users\mrowi\.m2\repository\org\wildfly\wildfly-http-client\wildfly-http-client-common\1.0.15.Final\wildfly-http-client-common-1.0.15.Final.jar;C:\Users\mrowi\.m2\repository\org\jboss\spec\javax\ejb\jboss-ejb-api_3.2_spec\1.0.0.Final\jboss-ejb-api_3.2_spec-1.0.0.Final.jar;C:\Users\mrowi\.m2\repository\org\wildfly\security\wildfly-elytron\1.9.1.Final\wildfly-elytron-1.9.1.Final.jar;C:\Users\mrowi\.m2\repository\org\jboss\spec\javax\interceptor\jboss-interceptors-api_1.2_spec\1.0.1.Final\jboss-interceptors-api_1.2_spec-1.0.1.Final.jar;C:\Users\mrowi\.m2\repository\org\jboss\spec\javax\el\jboss-el-api_3.0_spec\1.0.13.Final\jboss-el-api_3.0_spec-1.0.13.Final.jar;C:\Users\mrowi\.m2\repository\org\mockito\mockito-all\1.10.19\mockito-all-1.10.19.jar;"/>
    <property name="sun.cpu.endian" value="little"/>
    <property name="user.home" value="C:\Users\mrowi"/>
    <property name="user.language" value="pl"/>
    <property name="java.specification.vendor" value="Oracle Corporation"/>
    <property name="java.home" value="C:\Program Files\Java\jdk1.8.0_161\jre"/>
    <property name="basedir" value="C:\Users\mrowi\IdeaProjects\Notes"/>
    <property name="file.separator" value="\"/>
    <property name="line.separator" value="&#10;"/>
    <property name="java.vm.specification.vendor" value="Oracle Corporation"/>
    <property name="java.specification.name" value="Java Platform API Specification"/>
    <property name="java.awt.graphicsenv" value="sun.awt.Win32GraphicsEnvironment"/>
    <property name="surefire.real.class.path" value="C:\Users\mrowi\AppData\Local\Temp\surefire3782073903446986951\surefirebooter3637958571698963041.jar"/>
    <property name="sun.boot.class.path" value="C:\Program Files\Java\jdk1.8.0_161\jre\lib\resources.jar;C:\Program Files\Java\jdk1.8.0_161\jre\lib\rt.jar;C:\Program Files\Java\jdk1.8.0_161\jre\lib\sunrsasign.jar;C:\Program Files\Java\jdk1.8.0_161\jre\lib\jsse.jar;C:\Program Files\Java\jdk1.8.0_161\jre\lib\jce.jar;C:\Program Files\Java\jdk1.8.0_161\jre\lib\charsets.jar;C:\Program Files\Java\jdk1.8.0_161\jre\lib\jfr.jar;C:\Program Files\Java\jdk1.8.0_161\jre\classes"/>
    <property name="user.script" value=""/>
    <property name="sun.management.compiler" value="HotSpot 64-Bit Tiered Compilers"/>
    <property name="java.runtime.version" value="1.8.0_161-b12"/>
    <property name="user.name" value="mrowi"/>
    <property name="path.separator" value=";"/>
    <property name="os.version" value="10.0"/>
    <property name="java.endorsed.dirs" value="C:\Program Files\Java\jdk1.8.0_161\jre\lib\endorsed"/>
    <property name="java.runtime.name" value="Java(TM) SE Runtime Environment"/>
    <property name="file.encoding" value="Cp1250"/>
    <property name="java.vm.name" value="Java HotSpot(TM) 64-Bit Server VM"/>
    <property name="localRepository" value="C:\Users\mrowi\.m2\repository"/>
    <property name="java.vendor.url.bug" value="http://bugreport.sun.com/bugreport/"/>
    <property name="java.io.tmpdir" value="C:\Users\mrowi\AppData\Local\Temp\"/>
    <property name="java.version" value="1.8.0_161"/>
    <property name="user.dir" value="C:\Users\mrowi\IdeaProjects\Notes"/>
    <property name="os.arch" value="amd64"/>
    <property name="java.vm.specification.name" value="Java Virtual Machine Specification"/>
    <property name="java.awt.printerjob" value="sun.awt.windows.WPrinterJob"/>
    <property name="idea.version2019.1.3" value="true"/>
    <property name="sun.os.patch.level" value=""/>
    <property name="java.library.path" value="C:\Program Files\Java\jdk1.8.0_161\jre\bin;C:\WINDOWS\Sun\Java\bin;C:\WINDOWS\system32;C:\WINDOWS;C:\ProgramData\Oracle\Java\javapath;C:\Program Files (x86)\Intel\iCLS Client\;C:\Program Files\Intel\iCLS Client\;C:\WINDOWS\system32;C:\WINDOWS;C:\WINDOWS\System32\Wbem;C:\WINDOWS\System32\WindowsPowerShell\v1.0\;C:\Program Files (x86)\Intel\Intel(R) Management Engine Components\DAL;C:\Program Files\Intel\Intel(R) Management Engine Components\DAL;C:\Program Files (x86)\Intel\Intel(R) Management Engine Components\IPT;C:\Program Files\Intel\Intel(R) Management Engine Components\IPT;C:\Program Files\Git\cmd;C:\Program Files\Java\jdk1.8.0_161\bin;;C:\WINDOWS\System32\OpenSSH\;C:\Program Files\nodejs\;C:\Users\mrowi\AppData\Local\Microsoft\WindowsApps;C:\Program Files\JetBrains\IntelliJ IDEA 2019.1.3\bin;C:\Users\mrowi\AppData\Roaming\npm;C:\Program Files\JetBrains\WebStorm 2018.3.5\bin;C:\Program Files\JetBrains\IntelliJ IDEA Community Edition 2019.1.3\bin;C:\Program Files\Maven\bin;."/>
    <property name="java.vm.info" value="mixed mode"/>
    <property name="java.vendor" value="Oracle Corporation"/>
    <property name="java.vm.version" value="25.161-b12"/>
    <property name="java.ext.dirs" value="C:\Program Files\Java\jdk1.8.0_161\jre\lib\ext;C:\WINDOWS\Sun\Java\lib\ext"/>
    <property name="sun.io.unicode.encoding" value="UnicodeLittle"/>
    <property name="java.class.version" value="52.0"/>
  </properties>
  <testcase name="shouldAnswerWithTrue" classname="Notes.AppTest" time="0"/>
</testsuite>